  World.cpp
c:\users\trungkin.le\documents\visual studio 2017\projects\thatonetimeireincarnatedasadungeonknight\totitwraadk\totitwraadk\world.cpp(396): warning C4018: '<': signed/unsigned mismatch
c:\users\trungkin.le\documents\visual studio 2017\projects\thatonetimeireincarnatedasadungeonknight\totitwraadk\totitwraadk\world.cpp(411): warning C4018: '<': signed/unsigned mismatch
c:\users\trungkin.le\documents\visual studio 2017\projects\thatonetimeireincarnatedasadungeonknight\totitwraadk\totitwraadk\world.cpp(430): warning C4018: '<': signed/unsigned mismatch
c:\users\trungkin.le\documents\visual studio 2017\projects\thatonetimeireincarnatedasadungeonknight\totitwraadk\totitwraadk\world.cpp(488): warning C4244: 'argument': conversion from 'T' to 'T', possible loss of data
          with
          [
              T=float
          ]
          and
          [
              T=int
          ]
c:\users\trungkin.le\documents\visual studio 2017\projects\thatonetimeireincarnatedasadungeonknight\totitwraadk\totitwraadk\world.cpp(488): warning C4244: 'argument': conversion from 'const T' to 'T', possible loss of data
          with
          [
              T=float
          ]
          and
          [
              T=int
          ]
  TOTITWRAADK.vcxproj -> C:\Users\trungkin.le\Documents\Visual Studio 2017\Projects\ThatOneTimeIReincarnatedAsADungeonKnight\TOTITWRAADK\Debug\TOTITWRAADK.exe
